<?xml version="1.0" encoding="UTF-8"?>
<!-- Generated by org.testng.reporters.JUnitXMLReporter -->
<testsuite hostname="c26T" name="SmokeTest" tests="1" failures="0" timestamp="2 Mar 2015 17:21:13 GMT" time="0.015" errors="0">
  <testcase name="@BeforeSuite initEnv" time="0.0" classname="functional.ExampleActions">
    <failure type="java.lang.IllegalStateException" message="The path to the driver executable must be set by the webdriver.chrome.driver system property; for more information, see http://code.google.com/p/selenium/wiki/ChromeDriver. The latest version can be downloaded from http://chromedriver.storage.googleapis.com/index.html">
      <![CDATA[java.lang.IllegalStateException: The path to the driver executable must be set by the webdriver.chrome.driver system property; for more information, see http://code.google.com/p/selenium/wiki/ChromeDriver. The latest version can be downloaded from http://chromedriver.storage.googleapis.com/index.html
	at com.google.common.base.Preconditions.checkState(Preconditions.java:197)
	at org.openqa.selenium.remote.service.DriverService.findExecutable(DriverService.java:105)
	at org.openqa.selenium.chrome.ChromeDriverService.createDefaultService(ChromeDriverService.java:89)
	at org.openqa.selenium.chrome.ChromeDriver.<init>(ChromeDriver.java:117)
	at functional.AbstractTest.initEnv(AbstractTest.java:27)
... Removed 21 stack frames]]>
    </failure>
  </testcase> <!-- @BeforeSuite initEnv -->
  <testcase name="exampleTest" time="0.001" classname="functional.ExampleActions">
    <skipped/>
  </testcase> <!-- exampleTest -->
</testsuite> <!-- SmokeTest -->
